{
  "RSpec": {
    "coverage": {
      "/home/local/BLR/jeyavel.natesan/Jel-Work/Jel_Apps/rspecApp/spec/controllers/contacts_controller_spec.rb": [
        1,
        null,
        1,
        null,
        1,
        null,
        1,
        1,
        1,
        1,
        null,
        null,
        null,
        null,
        null
      ],
      "/home/local/BLR/jeyavel.natesan/Jel-Work/Jel_Apps/rspecApp/spec/rails_helper.rb": [
        null,
        1,
        1,
        null,
        1,
        1,
        1,
        1,
        1,
        1,
        null,
        null,
        null,
        null,
        null,
        null,
        null,
        null,
        null,
        null,
        null,
        null,
        null,
        null,
        null,
        null,
        null,
        null,
        null,
        null,
        1,
        null,
        1,
        null,
        1,
        null,
        null,
        null,
        null,
        1,
        null,
        null,
        null,
        null,
        null,
        null,
        null,
        null,
        null,
        null,
        null,
        null,
        null,
        null,
        1,
        null,
        null,
        1,
        null,
        null,
        null,
        null,
        1,
        1,
        1,
        1,
        null,
        null
      ],
      "/home/local/BLR/jeyavel.natesan/Jel-Work/Jel_Apps/rspecApp/config/environment.rb": [
        null,
        1,
        null,
        null,
        1
      ],
      "/home/local/BLR/jeyavel.natesan/Jel-Work/Jel_Apps/rspecApp/config/application.rb": [
        1,
        null,
        1,
        null,
        null,
        null,
        1,
        null,
        1,
        1,
        null,
        null,
        null,
        null,
        null
      ],
      "/home/local/BLR/jeyavel.natesan/Jel-Work/Jel_Apps/rspecApp/config/boot.rb": [
        1,
        null,
        1
      ],
      "/home/local/BLR/jeyavel.natesan/Jel-Work/Jel_Apps/rspecApp/config/environments/test.rb": [
        1,
        null,
        null,
        null,
        null,
        null,
        null,
        1,
        null,
        null,
        null,
        null,
        1,
        null,
        null,
        1,
        1,
        null,
        null,
        null,
        null,
        1,
        1,
        null,
        null,
        1,
        null,
        null,
        1,
        1,
        null,
        null,
        null,
        null,
        1,
        null,
        null,
        1,
        null,
        null,
        null,
        null
      ],
      "/home/local/BLR/jeyavel.natesan/Jel-Work/Jel_Apps/rspecApp/config/initializers/application_controller_renderer.rb": [
        null,
        null,
        null,
        null,
        null,
        null
      ],
      "/home/local/BLR/jeyavel.natesan/Jel-Work/Jel_Apps/rspecApp/config/initializers/assets.rb": [
        null,
        null,
        null,
        1,
        null,
        null,
        null,
        null,
        null,
        null,
        null
      ],
      "/home/local/BLR/jeyavel.natesan/Jel-Work/Jel_Apps/rspecApp/config/initializers/backtrace_silencers.rb": [
        null,
        null,
        null,
        null,
        null,
        null,
        null
      ],
      "/home/local/BLR/jeyavel.natesan/Jel-Work/Jel_Apps/rspecApp/config/initializers/cookies_serializer.rb": [
        null,
        null,
        null,
        null,
        1
      ],
      "/home/local/BLR/jeyavel.natesan/Jel-Work/Jel_Apps/rspecApp/config/initializers/filter_parameter_logging.rb": [
        null,
        null,
        null,
        1
      ],
      "/home/local/BLR/jeyavel.natesan/Jel-Work/Jel_Apps/rspecApp/config/initializers/inflections.rb": [
        null,
        null,
        null,
        null,
        null,
        null,
        null,
        null,
        null,
        null,
        null,
        null,
        null,
        null,
        null,
        null
      ],
      "/home/local/BLR/jeyavel.natesan/Jel-Work/Jel_Apps/rspecApp/config/initializers/mime_types.rb": [
        null,
        null,
        null,
        null
      ],
      "/home/local/BLR/jeyavel.natesan/Jel-Work/Jel_Apps/rspecApp/config/initializers/new_framework_defaults.rb": [
        null,
        null,
        null,
        null,
        null,
        null,
        null,
        1,
        null,
        null,
        1,
        null,
        null,
        null,
        1,
        null,
        null,
        1,
        null,
        null,
        1,
        null,
        null,
        1
      ],
      "/home/local/BLR/jeyavel.natesan/Jel-Work/Jel_Apps/rspecApp/config/initializers/session_store.rb": [
        null,
        null,
        1
      ],
      "/home/local/BLR/jeyavel.natesan/Jel-Work/Jel_Apps/rspecApp/config/initializers/wrap_parameters.rb": [
        null,
        null,
        null,
        null,
        null,
        null,
        1,
        2,
        null,
        null,
        null,
        null,
        null,
        null
      ],
      "/home/local/BLR/jeyavel.natesan/Jel-Work/Jel_Apps/rspecApp/spec/factories/contacts.rb": [
        1,
        1,
        3,
        3,
        3,
        3,
        null,
        null
      ],
      "/home/local/BLR/jeyavel.natesan/Jel-Work/Jel_Apps/rspecApp/config/routes.rb": [
        1,
        null,
        1,
        null
      ],
      "/home/local/BLR/jeyavel.natesan/Jel-Work/Jel_Apps/rspecApp/app/helpers/application_helper.rb": [
        1,
        null
      ],
      "/home/local/BLR/jeyavel.natesan/Jel-Work/Jel_Apps/rspecApp/app/helpers/contacts_helper.rb": [
        1,
        null
      ],
      "/home/local/BLR/jeyavel.natesan/Jel-Work/Jel_Apps/rspecApp/spec/support/database_cleaner.rb": [
        1,
        null,
        1,
        1,
        null,
        null,
        1,
        7,
        null,
        null,
        1,
        0,
        null,
        null,
        1,
        7,
        null,
        null,
        1,
        7,
        null,
        null
      ],
      "/home/local/BLR/jeyavel.natesan/Jel-Work/Jel_Apps/rspecApp/app/controllers/contacts_controller.rb": [
        1,
        1,
        1,
        null,
        null,
        1,
        2,
        null,
        2,
        2,
        4,
        2,
        null,
        0,
        0,
        null,
        null,
        null,
        null,
        1,
        1,
        null,
        null,
        1,
        null,
        1,
        2,
        null,
        null
      ],
      "/home/local/BLR/jeyavel.natesan/Jel-Work/Jel_Apps/rspecApp/app/controllers/application_controller.rb": [
        1,
        1,
        null
      ],
      "/home/local/BLR/jeyavel.natesan/Jel-Work/Jel_Apps/rspecApp/spec/features/contacts/create_spec.rb": [
        1,
        null,
        1,
        1,
        1,
        null,
        1,
        1,
        1,
        1,
        null,
        1,
        null,
        1,
        null,
        null
      ],
      "/home/local/BLR/jeyavel.natesan/Jel-Work/Jel_Apps/rspecApp/spec/helpers/contacts_helper_spec.rb": [
        1,
        null,
        null,
        null,
        null,
        null,
        null,
        null,
        null,
        null,
        null,
        null,
        1,
        1,
        null
      ],
      "/home/local/BLR/jeyavel.natesan/Jel-Work/Jel_Apps/rspecApp/spec/models/contact_spec.rb": [
        1,
        null,
        1,
        1,
        1,
        1,
        null,
        1,
        2,
        2,
        2,
        2,
        null,
        null
      ],
      "/home/local/BLR/jeyavel.natesan/Jel-Work/Jel_Apps/rspecApp/app/models/contact.rb": [
        1,
        1,
        null
      ],
      "/home/local/BLR/jeyavel.natesan/Jel-Work/Jel_Apps/rspecApp/app/models/application_record.rb": [
        1,
        1,
        null
      ]
    },
    "timestamp": 1484822251
  }
}
